<?xml version="1.0" encoding="UTF-8"?>
<!-- Generated by org.testng.reporters.JUnitReportReporter -->
<testsuite hostname="DESKTOP-JOKRND9" failures="0" tests="1" name="com.Testcomponent.Tc_001AllMenu" time="40.297" errors="0" timestamp="2023-06-04T00:14:06 IST" skipped="0">
  <testcase classname="com.Testcomponent.Tc_001AllMenu" name="AllMenu" time="40.297"/>
  <system-out/>
</testsuite> <!-- com.Testcomponent.Tc_001AllMenu -->
