<?xml version="1.0" encoding="UTF-8"?>
<!-- Generated by org.testng.reporters.JUnitReportReporter -->
<testsuite hostname="DESKTOP-JOKRND9" failures="0" tests="1" name="com.Testcomponent.Tc_006SearchCheckoutPayment" time="124.628" errors="0" timestamp="2023-06-05T11:16:39 IST" skipped="0">
  <testcase classname="com.Testcomponent.Tc_006SearchCheckoutPayment" name="searchpaymentValidation" time="124.628"/>
  <system-out/>
</testsuite> <!-- com.Testcomponent.Tc_006SearchCheckoutPayment -->
