<?xml version="1.0" encoding="UTF-8"?>
<!-- Generated by org.testng.reporters.JUnitReportReporter -->
<testsuite hostname="DESKTOP-JOKRND9" failures="0" tests="1" name="com.Testcomponent.Regression" time="23.642" errors="0" timestamp="2023-06-03T19:22:41 IST" skipped="0">
  <testcase classname="com.Testcomponent.Regression" name="links" time="23.642"/>
  <system-out/>
</testsuite> <!-- com.Testcomponent.Regression -->
