<?xml version="1.0" encoding="UTF-8"?>
<!-- Generated by org.testng.reporters.JUnitReportReporter -->
<testsuite hostname="DESKTOP-JOKRND9" failures="0" tests="1" name="com.Testcomponent.Tc_002Bottomlink" time="56.054" errors="0" timestamp="2023-06-03T23:22:14 IST" skipped="0">
  <testcase classname="com.Testcomponent.Tc_002Bottomlink" name="links" time="56.054"/>
  <system-out/>
</testsuite> <!-- com.Testcomponent.Tc_002Bottomlink -->
