<?xml version="1.0" encoding="UTF-8"?>
<!-- Generated by org.testng.reporters.JUnitReportReporter -->
<testsuite hostname="DESKTOP-JOKRND9" failures="0" tests="1" name="com.Testcomponent.Tc_003ShopByDepartment" time="32.517" errors="0" timestamp="2023-06-04T11:50:42 IST" skipped="0">
  <testcase classname="com.Testcomponent.Tc_003ShopByDepartment" name="shopbyBrandValidation" time="32.517"/>
  <system-out/>
</testsuite> <!-- com.Testcomponent.Tc_003ShopByDepartment -->
