<?xml version="1.0" encoding="UTF-8"?>
<!-- Generated by org.testng.reporters.JUnitReportReporter -->
<testsuite hostname="DESKTOP-JOKRND9" failures="0" tests="1" name="com.Testcomponent.Tc_005ShopBySearch" time="39.698" errors="0" timestamp="2023-06-04T22:01:05 IST" skipped="0">
  <testcase classname="com.Testcomponent.Tc_005ShopBySearch" name="searchBoxValidation" time="39.698"/>
  <system-out/>
</testsuite> <!-- com.Testcomponent.Tc_005ShopBySearch -->
