<?xml version="1.0" encoding="UTF-8"?>
<!-- Generated by org.testng.reporters.JUnitReportReporter -->
<testsuite hostname="DESKTOP-JOKRND9" failures="0" tests="1" name="com.Testcomponent.Tc_005SearchCheckoutPayment" time="107.608" errors="0" timestamp="2023-06-04T21:48:09 IST" skipped="0">
  <testcase classname="com.Testcomponent.Tc_005SearchCheckoutPayment" name="searchpaymentValidation" time="107.608"/>
  <system-out/>
</testsuite> <!-- com.Testcomponent.Tc_005SearchCheckoutPayment -->
