<?xml version="1.0" encoding="UTF-8"?>
<!-- Generated by org.testng.reporters.JUnitReportReporter -->
<testsuite hostname="DESKTOP-JOKRND9" failures="0" tests="1" name="com.Testcomponent.Tc_007AllMenu" time="63.979" errors="0" timestamp="2023-06-04T23:30:08 IST" skipped="0">
  <testcase classname="com.Testcomponent.Tc_007AllMenu" name="AllMenuvalidation" time="63.979"/>
  <system-out/>
</testsuite> <!-- com.Testcomponent.Tc_007AllMenu -->
