<?xml version="1.0" encoding="UTF-8"?>
<!-- Generated by org.testng.reporters.JUnitReportReporter -->
<testsuite hostname="DESKTOP-JOKRND9" failures="0" tests="1" name="com.Testcomponent.Tc_001Login" time="30.658" errors="0" timestamp="2023-06-05T15:49:41 IST" skipped="0">
  <testcase classname="com.Testcomponent.Tc_001Login" name="inValidUsername_InvalidPassword" time="30.658"/>
  <system-out/>
</testsuite> <!-- com.Testcomponent.Tc_001Login -->
