<?xml version="1.0" encoding="UTF-8"?>
<!-- Generated by org.testng.reporters.JUnitReportReporter -->
<testsuite hostname="DESKTOP-JOKRND9" failures="0" tests="1" name="com.Testcomponent.Tc_007_SearchCheckoutPayment" time="76.891" errors="0" timestamp="2023-06-05T15:58:20 IST" skipped="0">
  <testcase classname="com.Testcomponent.Tc_007_SearchCheckoutPayment" name="searchpaymentValidation" time="76.891"/>
  <system-out/>
</testsuite> <!-- com.Testcomponent.Tc_007_SearchCheckoutPayment -->
