<?xml version="1.0" encoding="UTF-8"?>
<!-- Generated by org.testng.reporters.JUnitReportReporter -->
<testsuite hostname="DESKTOP-JOKRND9" failures="0" tests="1" name="com.Testcomponent.Tc_002_SignUp" time="18.371" errors="0" timestamp="2023-06-05T12:34:13 IST" skipped="0">
  <testcase classname="com.Testcomponent.Tc_002_SignUp" name="valid_credentials_SignUp" time="18.371"/>
  <system-out/>
</testsuite> <!-- com.Testcomponent.Tc_002_SignUp -->
